mode: set
server/controllers/annual_income_management_controllers.go:25.47,27.2 1 1
server/controllers/annual_income_management_controllers.go:35.76,45.16 6 1
server/controllers/annual_income_management_controllers.go:45.16,48.3 2 1
server/controllers/annual_income_management_controllers.go:51.2,51.52 1 1
server/controllers/annual_income_management_controllers.go:59.68,67.16 4 1
server/controllers/annual_income_management_controllers.go:67.16,70.3 2 1
server/controllers/annual_income_management_controllers.go:73.2,73.53 1 1
server/controllers/annual_income_management_controllers.go:81.81,89.16 4 1
server/controllers/annual_income_management_controllers.go:89.16,92.3 2 1
server/controllers/annual_income_management_controllers.go:95.2,95.56 1 1
server/controllers/annual_income_management_controllers.go:103.72,109.55 2 1
server/controllers/annual_income_management_controllers.go:109.55,112.3 2 1
server/controllers/annual_income_management_controllers.go:115.2,116.65 2 1
server/controllers/annual_income_management_controllers.go:116.65,119.3 2 1
server/controllers/annual_income_management_controllers.go:122.2,122.90 1 1
server/controllers/annual_income_management_controllers.go:130.72,135.55 2 1
server/controllers/annual_income_management_controllers.go:135.55,138.3 2 1
server/controllers/annual_income_management_controllers.go:141.2,142.65 2 1
server/controllers/annual_income_management_controllers.go:142.65,145.3 2 1
server/controllers/annual_income_management_controllers.go:148.2,148.102 1 1
server/controllers/annual_income_management_controllers.go:156.72,162.112 3 1
server/controllers/annual_income_management_controllers.go:162.112,165.3 2 1
server/controllers/annual_income_management_controllers.go:167.2,167.102 1 1
server/controllers/price_management_controllers.go:30.57,32.2 1 1
server/controllers/price_management_controllers.go:47.121,54.2 4 1
server/controllers/price_management_controllers.go:87.70,92.16 3 1
server/controllers/price_management_controllers.go:92.16,99.3 4 1
server/controllers/price_management_controllers.go:99.8,101.3 1 1
